# JRE version: Java(TM) SE Runtime Environment (8.0_181-b13) (build 1.8.0_181-b13)
# Java VM: Java HotSpot(TM) 64-Bit Server VM (25.181-b13 mixed mode windows-amd64 compressed oops)
Heap:
 PSYoungGen      total 38400K, used 31601K [0x00000000d5c00000, 0x00000000da700000, 0x0000000100000000)
  eden space 33280K, 94% used [0x00000000d5c00000,0x00000000d7adc498,0x00000000d7c80000)
  from space 5120K, 0% used [0x00000000d7c80000,0x00000000d7c80000,0x00000000d8180000)
  to   space 5120K, 0% used [0x00000000da200000,0x00000000da200000,0x00000000da700000)
 ParOldGen       total 87552K, used 86232K [0x0000000081400000, 0x0000000086980000, 0x00000000d5c00000)
  object space 87552K, 98% used [0x0000000081400000,0x0000000086836380,0x0000000086980000)
 Metaspace       used 13425K, capacity 13950K, committed 14080K, reserved 1060864K
  class space    used 1855K, capacity 2000K, committed 2048K, reserved 1048576K
GC Heap History (10 events):
Event: 2.938 GC heap before
{Heap before GC invocations=1 (full 0):
 PSYoungGen      total 38400K, used 31933K [0x00000000d5c00000, 0x00000000d8680000, 0x0000000100000000)
  eden space 33280K, 95% used [0x00000000d5c00000,0x00000000d7b2f7e0,0x00000000d7c80000)
  from space 5120K, 0% used [0x00000000d8180000,0x00000000d8180000,0x00000000d8680000)
  to   space 5120K, 0% used [0x00000000d7c80000,0x00000000d7c80000,0x00000000d8180000)
 ParOldGen       total 87552K, used 0K [0x0000000081400000, 0x0000000086980000, 0x00000000d5c00000)
  object space 87552K, 0% used [0x0000000081400000,0x0000000081400000,0x0000000086980000)
 Metaspace       used 13111K, capacity 13624K, committed 13824K, reserved 1060864K
  class space    used 1822K, capacity 1959K, committed 2048K, reserved 1048576K
Event: 2.947 GC heap after
Heap after GC invocations=1 (full 0):
 PSYoungGen      total 38400K, used 5090K [0x00000000d5c00000, 0x00000000d8680000, 0x0000000100000000)
  eden space 33280K, 0% used [0x00000000d5c00000,0x00000000d5c00000,0x00000000d7c80000)
  from space 5120K, 99% used [0x00000000d7c80000,0x00000000d8178ad0,0x00000000d8180000)
  to   space 5120K, 0% used [0x00000000d8180000,0x00000000d8180000,0x00000000d8680000)
 ParOldGen       total 87552K, used 4891K [0x0000000081400000, 0x0000000086980000, 0x00000000d5c00000)
  object space 87552K, 5% used [0x0000000081400000,0x00000000818c6e70,0x0000000086980000)
 Metaspace       used 13111K, capacity 13624K, committed 13824K, reserved 1060864K
  class space    used 1822K, capacity 1959K, committed 2048K, reserved 1048576K
}
Event: 3.236 GC heap before
{Heap before GC invocations=2 (full 0):
 PSYoungGen      total 38400K, used 37962K [0x00000000d5c00000, 0x00000000d8680000, 0x0000000100000000)
  eden space 33280K, 98% used [0x00000000d5c00000,0x00000000d7c19ef8,0x00000000d7c80000)
  from space 5120K, 99% used [0x00000000d7c80000,0x00000000d8178ad0,0x00000000d8180000)
  to   space 5120K, 0% used [0x00000000d8180000,0x00000000d8180000,0x00000000d8680000)
 ParOldGen       total 87552K, used 4891K [0x0000000081400000, 0x0000000086980000, 0x00000000d5c00000)
  object space 87552K, 5% used [0x0000000081400000,0x00000000818c6e70,0x0000000086980000)
 Metaspace       used 13139K, capacity 13688K, committed 13824K, reserved 1060864K
  class space    used 1822K, capacity 1959K, committed 2048K, reserved 1048576K
Event: 4.579 GC heap after
Heap after GC invocations=2 (full 0):
 PSYoungGen      total 38400K, used 5113K [0x00000000d5c00000, 0x00000000d8680000, 0x0000000100000000)
  eden space 33280K, 0% used [0x00000000d5c00000,0x00000000d5c00000,0x00000000d7c80000)
  from space 5120K, 99% used [0x00000000d8180000,0x00000000d867e760,0x00000000d8680000)
  to   space 5120K, 0% used [0x00000000d7c80000,0x00000000d7c80000,0x00000000d8180000)
 ParOldGen       total 87552K, used 36904K [0x0000000081400000, 0x0000000086980000, 0x00000000d5c00000)
  object space 87552K, 42% used [0x0000000081400000,0x000000008380a2b0,0x0000000086980000)
 Metaspace       used 13139K, capacity 13688K, committed 13824K, reserved 1060864K
  class space    used 1822K, capacity 1959K, committed 2048K, reserved 1048576K
}
Event: 6.477 GC heap before
{Heap before GC invocations=3 (full 0):
 PSYoungGen      total 38400K, used 37920K [0x00000000d5c00000, 0x00000000d8680000, 0x0000000100000000)
  eden space 33280K, 98% used [0x00000000d5c00000,0x00000000d7c099c8,0x00000000d7c80000)
  from space 5120K, 99% used [0x00000000d8180000,0x00000000d867e760,0x00000000d8680000)
  to   space 5120K, 0% used [0x00000000d7c80000,0x00000000d7c80000,0x00000000d8180000)
 ParOldGen       total 87552K, used 36904K [0x0000000081400000, 0x0000000086980000, 0x00000000d5c00000)
  object space 87552K, 42% used [0x0000000081400000,0x000000008380a2b0,0x0000000086980000)
 Metaspace       used 13147K, capacity 13688K, committed 13824K, reserved 1060864K
  class space    used 1822K, capacity 1959K, committed 2048K, reserved 1048576K
Event: 6.491 GC heap after
Heap after GC invocations=3 (full 0):
 PSYoungGen      total 38400K, used 5113K [0x00000000d5c00000, 0x00000000da700000, 0x0000000100000000)
  eden space 33280K, 0% used [0x00000000d5c00000,0x00000000d5c00000,0x00000000d7c80000)
  from space 5120K, 99% used [0x00000000d7c80000,0x00000000d817e760,0x00000000d8180000)
  to   space 5120K, 0% used [0x00000000da200000,0x00000000da200000,0x00000000da700000)
 ParOldGen       total 87552K, used 68986K [0x0000000081400000, 0x0000000086980000, 0x00000000d5c00000)
  object space 87552K, 78% used [0x0000000081400000,0x000000008575eba0,0x0000000086980000)
 Metaspace       used 13147K, capacity 13688K, committed 13824K, reserved 1060864K
  class space    used 1822K, capacity 1959K, committed 2048K, reserved 1048576K
}
Event: 6.491 GC heap before
{Heap before GC invocations=4 (full 1):
 PSYoungGen      total 38400K, used 5113K [0x00000000d5c00000, 0x00000000da700000, 0x0000000100000000)
  eden space 33280K, 0% used [0x00000000d5c00000,0x00000000d5c00000,0x00000000d7c80000)
  from space 5120K, 99% used [0x00000000d7c80000,0x00000000d817e760,0x00000000d8180000)
  to   space 5120K, 0% used [0x00000000da200000,0x00000000da200000,0x00000000da700000)
 ParOldGen       total 87552K, used 68986K [0x0000000081400000, 0x0000000086980000, 0x00000000d5c00000)
  object space 87552K, 78% used [0x0000000081400000,0x000000008575eba0,0x0000000086980000)
 Metaspace       used 13147K, capacity 13688K, committed 13824K, reserved 1060864K
  class space    used 1822K, capacity 1959K, committed 2048K, reserved 1048576K
Event: 6.543 GC heap after
Heap after GC invocations=4 (full 1):
 PSYoungGen      total 38400K, used 0K [0x00000000d5c00000, 0x00000000da700000, 0x0000000100000000)
  eden space 33280K, 0% used [0x00000000d5c00000,0x00000000d5c00000,0x00000000d7c80000)
  from space 5120K, 0% used [0x00000000d7c80000,0x00000000d7c80000,0x00000000d8180000)
  to   space 5120K, 0% used [0x00000000da200000,0x00000000da200000,0x00000000da700000)
 ParOldGen       total 87552K, used 73397K [0x0000000081400000, 0x0000000086980000, 0x00000000d5c00000)
  object space 87552K, 83% used [0x0000000081400000,0x0000000085bad5c8,0x0000000086980000)
 Metaspace       used 13147K, capacity 13688K, committed 13824K, reserved 1060864K
  class space    used 1822K, capacity 1959K, committed 2048K, reserved 1048576K
}
Event: 11.892 GC heap before
{Heap before GC invocations=5 (full 2):
 PSYoungGen      total 38400K, used 32592K [0x00000000d5c00000, 0x00000000da700000, 0x0000000100000000)
  eden space 33280K, 97% used [0x00000000d5c00000,0x00000000d7bd4368,0x00000000d7c80000)
  from space 5120K, 0% used [0x00000000d7c80000,0x00000000d7c80000,0x00000000d8180000)
  to   space 5120K, 0% used [0x00000000da200000,0x00000000da200000,0x00000000da700000)
 ParOldGen       total 87552K, used 73397K [0x0000000081400000, 0x0000000086980000, 0x00000000d5c00000)
  object space 87552K, 83% used [0x0000000081400000,0x0000000085bad5c8,0x0000000086980000)
 Metaspace       used 13148K, capacity 13688K, committed 13824K, reserved 1060864K
  class space    used 1822K, capacity 1959K, committed 2048K, reserved 1048576K
Event: 11.941 GC heap after
Heap after GC invocations=5 (full 2):
 PSYoungGen      total 38400K, used 19174K [0x00000000d5c00000, 0x00000000da700000, 0x0000000100000000)
  eden space 33280K, 57% used [0x00000000d5c00000,0x00000000d6eb9ab0,0x00000000d7c80000)
  from space 5120K, 0% used [0x00000000d7c80000,0x00000000d7c80000,0x00000000d8180000)
  to   space 5120K, 0% used [0x00000000da200000,0x00000000da200000,0x00000000da700000)
 ParOldGen       total 87552K, used 86232K [0x0000000081400000, 0x0000000086980000, 0x00000000d5c00000)
  object space 87552K, 98% used [0x0000000081400000,0x0000000086836380,0x0000000086980000)
 Metaspace       used 13148K, capacity 13688K, committed 13824K, reserved 1060864K
  class space    used 1822K, capacity 1959K, committed 2048K, reserved 1048576K
}

